mode: set
github.com/carlosclavijo/bookings/cmd/web/main.go:23.13,25.16 2 0
github.com/carlosclavijo/bookings/cmd/web/main.go:25.16,27.3 1 0
github.com/carlosclavijo/bookings/cmd/web/main.go:28.2,34.16 4 0
github.com/carlosclavijo/bookings/cmd/web/main.go:34.16,36.3 1 0
github.com/carlosclavijo/bookings/cmd/web/main.go:39.18,53.16 10 1
github.com/carlosclavijo/bookings/cmd/web/main.go:53.16,56.3 2 0
github.com/carlosclavijo/bookings/cmd/web/main.go:57.2,62.12 6 1
github.com/carlosclavijo/bookings/cmd/web/middleware.go:9.45,18.2 3 1
github.com/carlosclavijo/bookings/cmd/web/middleware.go:21.50,23.2 1 1
github.com/carlosclavijo/bookings/cmd/web/routes.go:12.49,38.2 18 1
