mode: set
github.com/carlosclavijo/bookings/internal/render/render.go:21.40,23.2 1 1
github.com/carlosclavijo/bookings/internal/render/render.go:26.84,32.2 5 1
github.com/carlosclavijo/bookings/internal/render/render.go:35.105,37.18 2 1
github.com/carlosclavijo/bookings/internal/render/render.go:37.18,40.3 1 0
github.com/carlosclavijo/bookings/internal/render/render.go:40.8,42.3 1 1
github.com/carlosclavijo/bookings/internal/render/render.go:43.2,44.9 2 1
github.com/carlosclavijo/bookings/internal/render/render.go:44.9,46.3 1 1
github.com/carlosclavijo/bookings/internal/render/render.go:47.2,51.16 5 1
github.com/carlosclavijo/bookings/internal/render/render.go:51.16,54.3 2 0
github.com/carlosclavijo/bookings/internal/render/render.go:55.2,55.12 1 1
github.com/carlosclavijo/bookings/internal/render/render.go:59.67,62.16 3 1
github.com/carlosclavijo/bookings/internal/render/render.go:62.16,64.3 1 0
github.com/carlosclavijo/bookings/internal/render/render.go:65.2,65.29 1 1
github.com/carlosclavijo/bookings/internal/render/render.go:65.29,68.17 3 1
github.com/carlosclavijo/bookings/internal/render/render.go:68.17,70.4 1 0
github.com/carlosclavijo/bookings/internal/render/render.go:71.3,72.17 2 1
github.com/carlosclavijo/bookings/internal/render/render.go:72.17,74.4 1 0
github.com/carlosclavijo/bookings/internal/render/render.go:75.3,75.23 1 1
github.com/carlosclavijo/bookings/internal/render/render.go:75.23,77.18 2 1
github.com/carlosclavijo/bookings/internal/render/render.go:77.18,79.5 1 0
github.com/carlosclavijo/bookings/internal/render/render.go:81.3,81.21 1 1
github.com/carlosclavijo/bookings/internal/render/render.go:83.2,83.21 1 1
