mode: set
github.com/carlosclavijo/bookings/internal/handlers/handlers.go:24.47,28.2 1 1
github.com/carlosclavijo/bookings/internal/handlers/handlers.go:31.33,33.2 1 1
github.com/carlosclavijo/bookings/internal/handlers/handlers.go:36.67,40.2 3 1
github.com/carlosclavijo/bookings/internal/handlers/handlers.go:43.68,53.2 5 1
github.com/carlosclavijo/bookings/internal/handlers/handlers.go:56.74,64.2 4 1
github.com/carlosclavijo/bookings/internal/handlers/handlers.go:67.78,69.16 2 1
github.com/carlosclavijo/bookings/internal/handlers/handlers.go:69.16,72.3 2 0
github.com/carlosclavijo/bookings/internal/handlers/handlers.go:74.2,88.19 7 1
github.com/carlosclavijo/bookings/internal/handlers/handlers.go:88.19,96.3 4 0
github.com/carlosclavijo/bookings/internal/handlers/handlers.go:97.2,99.66 2 1
github.com/carlosclavijo/bookings/internal/handlers/handlers.go:103.71,105.2 1 1
github.com/carlosclavijo/bookings/internal/handlers/handlers.go:108.69,110.2 1 1
github.com/carlosclavijo/bookings/internal/handlers/handlers.go:113.75,115.2 1 1
github.com/carlosclavijo/bookings/internal/handlers/handlers.go:118.79,122.2 3 1
github.com/carlosclavijo/bookings/internal/handlers/handlers.go:130.79,136.16 3 1
github.com/carlosclavijo/bookings/internal/handlers/handlers.go:136.16,138.3 1 0
github.com/carlosclavijo/bookings/internal/handlers/handlers.go:139.2,140.14 2 1
github.com/carlosclavijo/bookings/internal/handlers/handlers.go:144.70,146.2 1 1
github.com/carlosclavijo/bookings/internal/handlers/handlers.go:148.81,150.9 2 1
github.com/carlosclavijo/bookings/internal/handlers/handlers.go:150.9,155.3 4 1
github.com/carlosclavijo/bookings/internal/handlers/handlers.go:156.2,161.4 4 0
